p/1683738078081.jpg 1 0 0 31 73
p/1683738068410.jpg 1 0 0 30 75
p/1683738060691.jpg 1 0 0 28 74
p/1683738051347.jpg 1 0 0 30 71
p/1683738036580.jpg 1 0 0 23 57
p/1683738031256.jpg 1 0 0 20 55
p/1683738025389.jpg 1 0 0 18 47
p/1683738019998.jpg 1 0 0 18 49
p/1683738014254.jpg 1 0 0 17 46
p/1683738004375.jpg 1 0 0 18 46
p/1683737999033.jpg 1 0 0 18 45
p/1683737991499.jpg 1 0 0 13 43
p/1683737984005.jpg 1 0 0 13 42
p/1683737973126.jpg 1 0 0 29 72
p/1683737945907.jpg 1 0 0 15 43
p/1683737938793.jpg 1 0 0 15 44
p/1683737932839.jpg 1 0 0 15 45
p/1683737927386.jpg 1 0 0 16 43
p/1683737921007.jpg 1 0 0 17 44
p/1683737912700.jpg 1 0 0 15 43
p/1683737906108.jpg 1 0 0 16 40
p/1683737899808.jpg 1 0 0 18 43
p/1683737891145.jpg 1 0 0 25 70
p/1683737880322.jpg 1 0 0 16 41
p/1683737871136.jpg 1 0 0 14 38
p/1683737864304.jpg 1 0 0 13 37
p/1683737857655.jpg 1 0 0 14 39
p/1683737851111.jpg 1 0 0 14 40
p/1683737844266.jpg 1 0 0 16 44
p/1683737826279.jpg 1 0 0 15 40
p/1683737816885.jpg 1 0 0 16 41
p/1683737809356.jpg 1 0 0 18 47
p/1683737801236.jpg 1 0 0 19 51
p/1683737790268.jpg 1 0 0 18 51
p/1683737782631.jpg 1 0 0 23 61
p/1683737777099.jpg 1 0 0 18 49
p/1683737766711.jpg 1 0 0 21 50
p/1683737748959.jpg 1 0 0 23 56
p/1683737742445.jpg 1 0 0 24 61
p/1683737731404.jpg 1 0 0 25 62
p/1683737724752.jpg 1 0 0 28 74
p/1683737718662.jpg 1 0 0 25 71
p/1683737712854.jpg 1 0 0 27 70
p/1683737704707.jpg 1 0 0 30 77
p/1683737698491.jpg 1 0 0 28 74
p/1683737691585.jpg 1 0 0 25 65
p/1683737685603.jpg 1 0 0 33 78
p/1683737677399.jpg 1 0 0 33 78
p/1683737663607.jpg 1 0 0 31 76
p/1683737654392.jpg 1 0 0 32 72
p/1683737646852.jpg 1 0 0 36 79
p/1683737632700.jpg 1 0 0 30 76
p/1683737625515.jpg 1 0 0 32 78
p/1683737611050.jpg 1 0 0 36 75
p/1683737604430.jpg 1 0 0 29 75
p/1683737596820.jpg 1 0 0 27 64