p/1683735954695.jpg 1 0 0 123 53
p/1683735942089.jpg 1 0 0 134 50
p/1683735923892.jpg 1 0 0 121 53
p/1683735915800.jpg 1 0 0 118 52
p/1683735904608.jpg 1 0 0 74 41
p/1683735899424.jpg 1 0 0 76 42
p/1683735894141.jpg 1 0 0 74 43
p/1683735888722.jpg 1 0 0 99 55
p/1683735882470.jpg 1 0 0 103 58
p/1683735877349.jpg 1 0 0 98 55
p/1683735871713.jpg 1 0 0 99 55
p/1683735865589.jpg 1 0 0 94 55
p/1683735855069.jpg 1 0 0 111 57
p/1683735845450.jpg 1 0 0 107 53
p/1683735838907.jpg 1 0 0 89 62
p/1683735829375.jpg 1 0 0 96 67
p/1683735811744.jpg 1 0 0 108 57
p/1683735806131.jpg 1 0 0 70 41
p/1683735797911.jpg 1 0 0 109 70
p/1683735784414.jpg 1 0 0 121 87
p/1683735775559.jpg 1 0 0 107 66
p/1683735761694.jpg 1 0 0 107 57
p/1683735752516.jpg 1 0 0 107 55
p/1683735746887.jpg 1 0 0 100 55
p/1683735740877.jpg 1 0 0 95 50
p/1683735734904.jpg 1 0 0 90 46
p/1683735723064.jpg 1 0 0 96 64
p/1683735710587.jpg 1 0 0 95 61
p/1683735699275.jpg 1 0 0 67 39
p/1683735691929.jpg 1 0 0 121 58
p/1683735679928.jpg 1 0 0 111 61
p/1683735664471.jpg 1 0 0 129 64
p/1683735652206.jpg 1 0 0 101 69
p/1683735639728.jpg 1 0 0 98 67
p/1683735625339.jpg 1 0 0 86 68
p/1683735615849.jpg 1 0 0 93 63
p/1683735607711.jpg 1 0 0 99 57
p/1683735601732.jpg 1 0 0 116 60
p/1683735590657.jpg 1 0 0 108 58
p/1683735573007.jpg 1 0 0 64 37